Compared points are: Non-equivalent
  (G) + 13   PO   /tx
  (R) + 13   PO   /tx

Compared points are: Non-equivalent
  (G) + 14   PO   /doutrx[7]
  (R) + 14   PO   /doutrx[7]

Compared points are: Non-equivalent
  (G) + 15   PO   /doutrx[6]
  (R) + 15   PO   /doutrx[6]

Compared points are: Non-equivalent
  (G) + 16   PO   /doutrx[5]
  (R) + 16   PO   /doutrx[5]

Compared points are: Non-equivalent
  (G) + 17   PO   /doutrx[4]
  (R) + 17   PO   /doutrx[4]

Compared points are: Non-equivalent
  (G) + 18   PO   /doutrx[3]
  (R) + 18   PO   /doutrx[3]

Compared points are: Non-equivalent
  (G) + 19   PO   /doutrx[2]
  (R) + 19   PO   /doutrx[2]

Compared points are: Non-equivalent
  (G) + 20   PO   /doutrx[1]
  (R) + 20   PO   /doutrx[1]

Compared points are: Non-equivalent
  (G) + 21   PO   /doutrx[0]
  (R) + 21   PO   /doutrx[0]

Compared points are: Non-equivalent
  (G) + 22   PO   /donetx
  (R) + 22   PO   /donetx

Compared points are: Non-equivalent
  (G) + 23   PO   /donerx
  (R) + 23   PO   /donerx

Compared points are: Non-equivalent
  (G) + 24   DFF  /utx/din_reg[7]
  (R) + 166  DFF  /utx/din_reg[7]/U$1
Due to these Non-equivalent points:
[DATA]
  (G) + 984  MUX  /utx/U$1/U$8
  (R) + 1652 OR   /utx/g4620__4547/U$1

Compared points are: Non-equivalent
  (G) + 25   DFF  /utx/din_reg[6]
  (R) + 165  DFF  /utx/din_reg[6]/U$1
Due to these Non-equivalent points:
[DATA]
  (G) + 979  MUX  /utx/U$1/U$7
  (R) + 1632 OR   /utx/g4615__9906/U$1

Compared points are: Non-equivalent
  (G) + 26   DFF  /utx/din_reg[5]
  (R) + 164  DFF  /utx/din_reg[5]/U$1
Due to these Non-equivalent points:
[DATA]
  (G) + 974  MUX  /utx/U$1/U$6
  (R) + 1640 OR   /utx/g4617__4296/U$1

Compared points are: Non-equivalent
  (G) + 27   DFF  /utx/din_reg[4]
  (R) + 163  DFF  /utx/din_reg[4]/U$1
Due to these Non-equivalent points:
[DATA]
  (G) + 969  MUX  /utx/U$1/U$5
  (R) + 1648 OR   /utx/g4619__1474/U$1

Compared points are: Non-equivalent
  (G) + 28   DFF  /utx/din_reg[3]
  (R) + 162  DFF  /utx/din_reg[3]/U$1
Due to these Non-equivalent points:
[DATA]
  (G) + 964  MUX  /utx/U$1/U$4
  (R) + 1636 OR   /utx/g4616__8780/U$1

Compared points are: Non-equivalent
  (G) + 29   DFF  /utx/din_reg[2]
  (R) + 161  DFF  /utx/din_reg[2]/U$1
Due to these Non-equivalent points:
[DATA]
  (G) + 959  MUX  /utx/U$1/U$3
  (R) + 1644 OR   /utx/g4618__3772/U$1

Compared points are: Non-equivalent
  (G) + 30   DFF  /utx/din_reg[1]
  (R) + 160  DFF  /utx/din_reg[1]/U$1
Due to these Non-equivalent points:
[DATA]
  (G) + 954  MUX  /utx/U$1/U$2
  (R) + 1628 OR   /utx/g4613__5019/U$1

Compared points are: Non-equivalent
  (G) + 31   DFF  /utx/din_reg[0]
  (R) + 159  DFF  /utx/din_reg[0]/U$1
Due to these Non-equivalent points:
[DATA]
  (G) + 949  MUX  /utx/U$1/U$1
  (R) + 1624 OR   /utx/g4612__1840/U$1

Compared points are: Non-equivalent
  (G) + 32   DFF  /utx/state_reg[1]
  (R) + 167  DFF  /utx/state_reg[1]/U$1
Due to these Non-equivalent points:
[DATA]
  (G) + 1023 MUX  /utx/U$5/U$2
  (R) + 1654 OR   /utx/g2__8757/U$1

Compared points are: Equivalent
  (G) + 34   DFF  /utx/uclk_reg
  (R) + 170  DFF  /utx/uclk_reg/U$1

Compared points are: Non-equivalent
  (G) + 35   DFF  /utx/counts_reg[31]
  (R) + 158  DFF  /utx/counts_reg[31]/U$1
Due to these Non-equivalent points:
[DATA]
  (G) + 1347 MUX  /utx/U$11/U$32
  (R) + 1657 AND  /utx/g2/U$1

Compared points are: Non-equivalent
  (G) + 36   DFF  /utx/counts_reg[30]
  (R) + 157  DFF  /utx/counts_reg[30]/U$1
Due to these Non-equivalent points:
[DATA]
  (G) + 1338 MUX  /utx/U$11/U$31
  (R) + 1422 OR   /utx/g4509__2703/U$1

Compared points are: Non-equivalent
  (G) + 37   DFF  /utx/counts_reg[29]
  (R) + 156  DFF  /utx/counts_reg[29]/U$1
Due to these Non-equivalent points:
[DATA]
  (G) + 1329 MUX  /utx/U$11/U$30
  (R) + 1415 OR   /utx/g4508__6083/U$1

Compared points are: Non-equivalent
  (G) + 38   DFF  /utx/counts_reg[28]
  (R) + 155  DFF  /utx/counts_reg[28]/U$1
Due to these Non-equivalent points:
[DATA]
  (G) + 1320 MUX  /utx/U$11/U$29
  (R) + 1410 OR   /utx/g4507__2250/U$1

Compared points are: Non-equivalent
  (G) + 39   DFF  /utx/counts_reg[27]
  (R) + 154  DFF  /utx/counts_reg[27]/U$1
Due to these Non-equivalent points:
[DATA]
  (G) + 1311 MUX  /utx/U$11/U$28
  (R) + 1405 OR   /utx/g4506__5266/U$1

Compared points are: Non-equivalent
  (G) + 40   DFF  /utx/counts_reg[26]
  (R) + 153  DFF  /utx/counts_reg[26]/U$1
Due to these Non-equivalent points:
[DATA]
  (G) + 1302 MUX  /utx/U$11/U$27
  (R) + 1400 OR   /utx/g4505__7114/U$1

Compared points are: Non-equivalent
  (G) + 41   DFF  /utx/counts_reg[25]
  (R) + 152  DFF  /utx/counts_reg[25]/U$1
Due to these Non-equivalent points:
[DATA]
  (G) + 1293 MUX  /utx/U$11/U$26
  (R) + 1395 OR   /utx/g4504__5703/U$1

Compared points are: Non-equivalent
  (G) + 42   DFF  /utx/counts_reg[24]
  (R) + 151  DFF  /utx/counts_reg[24]/U$1
Due to these Non-equivalent points:
[DATA]
  (G) + 1284 MUX  /utx/U$11/U$25
  (R) + 1390 OR   /utx/g4503__5953/U$1

Compared points are: Non-equivalent
  (G) + 43   DFF  /utx/counts_reg[23]
  (R) + 150  DFF  /utx/counts_reg[23]/U$1
Due to these Non-equivalent points:
[DATA]
  (G) + 1275 MUX  /utx/U$11/U$24
  (R) + 1349 OR   /utx/g4493__9682/U$1

Compared points are: Non-equivalent
  (G) + 44   DFF  /utx/counts_reg[22]
  (R) + 149  DFF  /utx/counts_reg[22]/U$1
Due to these Non-equivalent points:
[DATA]
  (G) + 1266 MUX  /utx/U$11/U$23
  (R) + 1381 OR   /utx/g4501__8757/U$1

Compared points are: Non-equivalent
  (G) + 45   DFF  /utx/counts_reg[21]
  (R) + 148  DFF  /utx/counts_reg[21]/U$1
Due to these Non-equivalent points:
[DATA]
  (G) + 1257 MUX  /utx/U$11/U$22
  (R) + 1377 OR   /utx/g4500__7118/U$1

Compared points are: Non-equivalent
  (G) + 46   DFF  /utx/counts_reg[20]
  (R) + 147  DFF  /utx/counts_reg[20]/U$1
Due to these Non-equivalent points:
[DATA]
  (G) + 1248 MUX  /utx/U$11/U$21
  (R) + 1373 OR   /utx/g4499__7675/U$1

Compared points are: Non-equivalent
  (G) + 47   DFF  /utx/counts_reg[19]
  (R) + 146  DFF  /utx/counts_reg[19]/U$1
Due to these Non-equivalent points:
[DATA]
  (G) + 1239 MUX  /utx/U$11/U$20
  (R) + 1369 OR   /utx/g4498__2391/U$1

Compared points are: Non-equivalent
  (G) + 48   DFF  /utx/counts_reg[18]
  (R) + 145  DFF  /utx/counts_reg[18]/U$1
Due to these Non-equivalent points:
[DATA]
  (G) + 1230 MUX  /utx/U$11/U$19
  (R) + 1365 OR   /utx/g4497__2900/U$1

Compared points are: Non-equivalent
  (G) + 49   DFF  /utx/counts_reg[17]
  (R) + 144  DFF  /utx/counts_reg[17]/U$1
Due to these Non-equivalent points:
[DATA]
  (G) + 1221 MUX  /utx/U$11/U$18
  (R) + 1361 OR   /utx/g4496__6877/U$1

Compared points are: Non-equivalent
  (G) + 50   DFF  /utx/counts_reg[16]
  (R) + 143  DFF  /utx/counts_reg[16]/U$1
Due to these Non-equivalent points:
[DATA]
  (G) + 1212 MUX  /utx/U$11/U$17
  (R) + 1353 OR   /utx/g4494__2683/U$1

Compared points are: Non-equivalent
  (G) + 51   DFF  /utx/counts_reg[15]
  (R) + 142  DFF  /utx/counts_reg[15]/U$1
Due to these Non-equivalent points:
[DATA]
  (G) + 1203 MUX  /utx/U$11/U$16
  (R) + 1385 OR   /utx/g4502__1786/U$1

Compared points are: Non-equivalent
  (G) + 52   DFF  /utx/counts_reg[14]
  (R) + 141  DFF  /utx/counts_reg[14]/U$1
Due to these Non-equivalent points:
[DATA]
  (G) + 1194 MUX  /utx/U$11/U$15
  (R) + 1357 OR   /utx/g4495__1309/U$1

Compared points are: Non-equivalent
  (G) + 53   DFF  /utx/counts_reg[13]
  (R) + 140  DFF  /utx/counts_reg[13]/U$1
Due to these Non-equivalent points:
[DATA]
  (G) + 1185 MUX  /utx/U$11/U$14
  (R) + 1335 OR   /utx/g4489__4547/U$1

Compared points are: Non-equivalent
  (G) + 54   DFF  /utx/counts_reg[12]
  (R) + 139  DFF  /utx/counts_reg[12]/U$1
Due to these Non-equivalent points:
[DATA]
  (G) + 1176 MUX  /utx/U$11/U$13
  (R) + 1286 OR   /utx/g4476__2250/U$1

Compared points are: Non-equivalent
  (G) + 55   DFF  /utx/counts_reg[11]
  (R) + 138  DFF  /utx/counts_reg[11]/U$1
Due to these Non-equivalent points:
[DATA]
  (G) + 1167 MUX  /utx/U$11/U$12
  (R) + 1330 OR   /utx/g4488__1474/U$1

Compared points are: Non-equivalent
  (G) + 56   DFF  /utx/counts_reg[10]
  (R) + 137  DFF  /utx/counts_reg[10]/U$1
Due to these Non-equivalent points:
[DATA]
  (G) + 1158 MUX  /utx/U$11/U$11
  (R) + 1326 OR   /utx/g4487__3772/U$1

Compared points are: Non-equivalent
  (G) + 57   DFF  /utx/counts_reg[9]
  (R) + 136  DFF  /utx/counts_reg[9]/U$1
Due to these Non-equivalent points:
[DATA]
  (G) + 1149 MUX  /utx/U$11/U$10
  (R) + 1322 OR   /utx/g4486__4296/U$1

Compared points are: Non-equivalent
  (G) + 58   DFF  /utx/counts_reg[8]
  (R) + 135  DFF  /utx/counts_reg[8]/U$1
Due to these Non-equivalent points:
[DATA]
  (G) + 1140 MUX  /utx/U$11/U$9
  (R) + 1318 OR   /utx/g4485__8780/U$1

Compared points are: Non-equivalent
  (G) + 59   DFF  /utx/counts_reg[7]
  (R) + 134  DFF  /utx/counts_reg[7]/U$1
Due to these Non-equivalent points:
[DATA]
  (G) + 1131 MUX  /utx/U$11/U$8
  (R) + 1314 OR   /utx/g4484__9906/U$1

Compared points are: Non-equivalent
  (G) + 60   DFF  /utx/counts_reg[6]
  (R) + 133  DFF  /utx/counts_reg[6]/U$1
Due to these Non-equivalent points:
[DATA]
  (G) + 1122 MUX  /utx/U$11/U$7
  (R) + 1310 OR   /utx/g4483__1857/U$1

Compared points are: Non-equivalent
  (G) + 61   DFF  /utx/counts_reg[5]
  (R) + 132  DFF  /utx/counts_reg[5]/U$1
Due to these Non-equivalent points:
[DATA]
  (G) + 1113 MUX  /utx/U$11/U$6
  (R) + 1306 OR   /utx/g4482__5019/U$1

Compared points are: Non-equivalent
  (G) + 62   DFF  /utx/counts_reg[4]
  (R) + 131  DFF  /utx/counts_reg[4]/U$1
Due to these Non-equivalent points:
[DATA]
  (G) + 1104 MUX  /utx/U$11/U$5
  (R) + 1298 OR   /utx/g4480__7344/U$1

Compared points are: Non-equivalent
  (G) + 63   DFF  /utx/counts_reg[3]
  (R) + 130  DFF  /utx/counts_reg[3]/U$1
Due to these Non-equivalent points:
[DATA]
  (G) + 1095 MUX  /utx/U$11/U$4
  (R) + 1290 OR   /utx/g4478__2703/U$1

Compared points are: Non-equivalent
  (G) + 64   DFF  /utx/counts_reg[2]
  (R) + 129  DFF  /utx/counts_reg[2]/U$1
Due to these Non-equivalent points:
[DATA]
  (G) + 1086 MUX  /utx/U$11/U$3
  (R) + 1302 OR   /utx/g4481__1840/U$1

Compared points are: Non-equivalent
  (G) + 65   DFF  /utx/counts_reg[1]
  (R) + 128  DFF  /utx/counts_reg[1]/U$1
Due to these Non-equivalent points:
[DATA]
  (G) + 1077 MUX  /utx/U$11/U$2
  (R) + 1294 OR   /utx/g4479__5795/U$1

Compared points are: Non-equivalent
  (G) + 66   DFF  /utx/counts_reg[0]
  (R) + 127  DFF  /utx/counts_reg[0]/U$1
Due to these Non-equivalent points:
[DATA]
  (G) + 1069 MUX  /utx/U$11/U$1
  (R) + 1426 OR   /utx/g4510__5795/U$1

Compared points are: Equivalent
  (G) + 67   DFF  /utx/count_reg[31]
  (R) + 126  DFF  /utx/count_reg[31]/U$1

Compared points are: Equivalent
  (G) + 68   DFF  /utx/count_reg[30]
  (R) + 171  DFF  /utx/count_reg[30]/U$1

Compared points are: Equivalent
  (G) + 69   DFF  /utx/count_reg[29]
  (R) + 125  DFF  /utx/count_reg[29]/U$1

Compared points are: Equivalent
  (G) + 70   DFF  /utx/count_reg[28]
  (R) + 124  DFF  /utx/count_reg[28]/U$1

Compared points are: Equivalent
  (G) + 71   DFF  /utx/count_reg[27]
  (R) + 123  DFF  /utx/count_reg[27]/U$1

Compared points are: Equivalent
  (G) + 72   DFF  /utx/count_reg[26]
  (R) + 122  DFF  /utx/count_reg[26]/U$1

Compared points are: Equivalent
  (G) + 73   DFF  /utx/count_reg[25]
  (R) + 173  DFF  /utx/count_reg[25]/U$1

Compared points are: Equivalent
  (G) + 74   DFF  /utx/count_reg[24]
  (R) + 121  DFF  /utx/count_reg[24]/U$1

Compared points are: Equivalent
  (G) + 75   DFF  /utx/count_reg[23]
  (R) + 120  DFF  /utx/count_reg[23]/U$1

Compared points are: Equivalent
  (G) + 76   DFF  /utx/count_reg[22]
  (R) + 119  DFF  /utx/count_reg[22]/U$1

Compared points are: Equivalent
  (G) + 77   DFF  /utx/count_reg[21]
  (R) + 118  DFF  /utx/count_reg[21]/U$1

Compared points are: Equivalent
  (G) + 78   DFF  /utx/count_reg[20]
  (R) + 172  DFF  /utx/count_reg[20]/U$1

Compared points are: Equivalent
  (G) + 79   DFF  /utx/count_reg[19]
  (R) + 117  DFF  /utx/count_reg[19]/U$1

Compared points are: Equivalent
  (G) + 80   DFF  /utx/count_reg[18]
  (R) + 116  DFF  /utx/count_reg[18]/U$1

Compared points are: Equivalent
  (G) + 81   DFF  /utx/count_reg[17]
  (R) + 115  DFF  /utx/count_reg[17]/U$1

Compared points are: Equivalent
  (G) + 82   DFF  /utx/count_reg[16]
  (R) + 114  DFF  /utx/count_reg[16]/U$1

Compared points are: Equivalent
  (G) + 83   DFF  /utx/count_reg[15]
  (R) + 113  DFF  /utx/count_reg[15]/U$1

Compared points are: Equivalent
  (G) + 84   DFF  /utx/count_reg[14]
  (R) + 112  DFF  /utx/count_reg[14]/U$1

Compared points are: Equivalent
  (G) + 85   DFF  /utx/count_reg[13]
  (R) + 111  DFF  /utx/count_reg[13]/U$1

Compared points are: Equivalent
  (G) + 86   DFF  /utx/count_reg[12]
  (R) + 110  DFF  /utx/count_reg[12]/U$1

Compared points are: Equivalent
  (G) + 87   DFF  /utx/count_reg[11]
  (R) + 109  DFF  /utx/count_reg[11]/U$1

Compared points are: Equivalent
  (G) + 88   DFF  /utx/count_reg[10]
  (R) + 108  DFF  /utx/count_reg[10]/U$1

Compared points are: Equivalent
  (G) + 89   DFF  /utx/count_reg[9]
  (R) + 107  DFF  /utx/count_reg[9]/U$1

Compared points are: Equivalent
  (G) + 90   DFF  /utx/count_reg[8]
  (R) + 106  DFF  /utx/count_reg[8]/U$1

Compared points are: Equivalent
  (G) + 91   DFF  /utx/count_reg[7]
  (R) + 105  DFF  /utx/count_reg[7]/U$1

Compared points are: Equivalent
  (G) + 92   DFF  /utx/count_reg[6]
  (R) + 104  DFF  /utx/count_reg[6]/U$1

Compared points are: Equivalent
  (G) + 93   DFF  /utx/count_reg[5]
  (R) + 103  DFF  /utx/count_reg[5]/U$1

Compared points are: Equivalent
  (G) + 94   DFF  /utx/count_reg[4]
  (R) + 174  DFF  /utx/count_reg[4]/U$1

Compared points are: Equivalent
  (G) + 95   DFF  /utx/count_reg[3]
  (R) + 102  DFF  /utx/count_reg[3]/U$1

Compared points are: Equivalent
  (G) + 96   DFF  /utx/count_reg[2]
  (R) + 101  DFF  /utx/count_reg[2]/U$1

Compared points are: Equivalent
  (G) + 97   DFF  /utx/count_reg[1]
  (R) + 100  DFF  /utx/count_reg[1]/U$1

Compared points are: Equivalent
  (G) + 98   DFF  /utx/count_reg[0]
  (R) + 99   DFF  /utx/count_reg[0]/U$1

Compared points are: Non-equivalent
  (G) + 99   DFF  /utx/donetx_reg
  (R) + 169  DFF  /utx/donetx_reg/U$1
Due to these Non-equivalent points:
[DATA]
  (G) + 1512 MUX  /utx/U$15
  (R) + 1461 NAND /utx/g4513__1840/U$1

Compared points are: Non-equivalent
  (G) + 100  DFF  /utx/tx_reg
  (R) + 168  DFF  /utx/tx_reg/U$1
Due to these Non-equivalent points:
[DATA]
  (G) + 1577 MUX  /utx/U$18
  (R) + 1458 NAND /utx/g4512__7344/U$1

Compared points are: Non-equivalent
  (G) + 102  DFF  /rtx/state_reg[0]
  (R) + 94   DFF  /rtx/state_reg[0]/U$1
Due to these Non-equivalent points:
[DATA]
  (G) + 1658 MUX  /rtx/U$1/U$1
  (R) + 915  NAND /rtx/g3222__6877/U$1

Compared points are: Equivalent
  (G) + 103  DFF  /rtx/uclk_reg
  (R) + 93   DFF  /rtx/uclk_reg/U$1

Compared points are: Non-equivalent
  (G) + 104  DFF  /rtx/counts_reg[31]
  (R) + 83   DFF  /rtx/counts_reg[31]/U$1
Due to these Non-equivalent points:
[DATA]
  (G) + 1985 MUX  /rtx/U$9/U$32
  (R) + 1010 AND  /rtx/g3264__7118/U$1

Compared points are: Non-equivalent
  (G) + 105  DFF  /rtx/counts_reg[30]
  (R) + 82   DFF  /rtx/counts_reg[30]/U$1
Due to these Non-equivalent points:
[DATA]
  (G) + 1976 MUX  /rtx/U$9/U$31
  (R) + 1172 AND  /rtx/g3379/U$1

Compared points are: Non-equivalent
  (G) + 106  DFF  /rtx/counts_reg[29]
  (R) + 81   DFF  /rtx/counts_reg[29]/U$1
Due to these Non-equivalent points:
[DATA]
  (G) + 1967 MUX  /rtx/U$9/U$30
  (R) + 1002 AND  /rtx/g3262__2391/U$1

Compared points are: Non-equivalent
  (G) + 107  DFF  /rtx/counts_reg[28]
  (R) + 80   DFF  /rtx/counts_reg[28]/U$1
Due to these Non-equivalent points:
[DATA]
  (G) + 1958 MUX  /rtx/U$9/U$29
  (R) + 997  AND  /rtx/g3260__6877/U$1

Compared points are: Non-equivalent
  (G) + 108  DFF  /rtx/counts_reg[27]
  (R) + 79   DFF  /rtx/counts_reg[27]/U$1
Due to these Non-equivalent points:
[DATA]
  (G) + 1949 MUX  /rtx/U$9/U$28
  (R) + 999  AND  /rtx/g3261__2900/U$1

Compared points are: Non-equivalent
  (G) + 109  DFF  /rtx/counts_reg[26]
  (R) + 78   DFF  /rtx/counts_reg[26]/U$1
Due to these Non-equivalent points:
[DATA]
  (G) + 1940 MUX  /rtx/U$9/U$27
  (R) + 993  AND  /rtx/g3259__1309/U$1

Compared points are: Non-equivalent
  (G) + 110  DFF  /rtx/counts_reg[25]
  (R) + 77   DFF  /rtx/counts_reg[25]/U$1
Due to these Non-equivalent points:
[DATA]
  (G) + 1931 MUX  /rtx/U$9/U$26
  (R) + 990  AND  /rtx/g3258__2683/U$1

Compared points are: Non-equivalent
  (G) + 111  DFF  /rtx/counts_reg[24]
  (R) + 76   DFF  /rtx/counts_reg[24]/U$1
Due to these Non-equivalent points:
[DATA]
  (G) + 1922 MUX  /rtx/U$9/U$25
  (R) + 987  AND  /rtx/g3257__9682/U$1

Compared points are: Non-equivalent
  (G) + 112  DFF  /rtx/counts_reg[23]
  (R) + 75   DFF  /rtx/counts_reg[23]/U$1
Due to these Non-equivalent points:
[DATA]
  (G) + 1913 MUX  /rtx/U$9/U$24
  (R) + 984  AND  /rtx/g3256__4547/U$1

Compared points are: Non-equivalent
  (G) + 113  DFF  /rtx/counts_reg[22]
  (R) + 74   DFF  /rtx/counts_reg[22]/U$1
Due to these Non-equivalent points:
[DATA]
  (G) + 1904 MUX  /rtx/U$9/U$23
  (R) + 981  AND  /rtx/g3255__1474/U$1

Compared points are: Non-equivalent
  (G) + 114  DFF  /rtx/counts_reg[21]
  (R) + 73   DFF  /rtx/counts_reg[21]/U$1
Due to these Non-equivalent points:
[DATA]
  (G) + 1895 MUX  /rtx/U$9/U$22
  (R) + 978  AND  /rtx/g3254__3772/U$1

Compared points are: Non-equivalent
  (G) + 115  DFF  /rtx/counts_reg[20]
  (R) + 72   DFF  /rtx/counts_reg[20]/U$1
Due to these Non-equivalent points:
[DATA]
  (G) + 1886 MUX  /rtx/U$9/U$21
  (R) + 975  AND  /rtx/g3253__4296/U$1

Compared points are: Non-equivalent
  (G) + 116  DFF  /rtx/counts_reg[19]
  (R) + 71   DFF  /rtx/counts_reg[19]/U$1
Due to these Non-equivalent points:
[DATA]
  (G) + 1877 MUX  /rtx/U$9/U$20
  (R) + 972  AND  /rtx/g3252__8780/U$1

Compared points are: Non-equivalent
  (G) + 117  DFF  /rtx/counts_reg[18]
  (R) + 70   DFF  /rtx/counts_reg[18]/U$1
Due to these Non-equivalent points:
[DATA]
  (G) + 1868 MUX  /rtx/U$9/U$19
  (R) + 969  AND  /rtx/g3251__9906/U$1

Compared points are: Non-equivalent
  (G) + 118  DFF  /rtx/counts_reg[17]
  (R) + 69   DFF  /rtx/counts_reg[17]/U$1
Due to these Non-equivalent points:
[DATA]
  (G) + 1859 MUX  /rtx/U$9/U$18
  (R) + 966  AND  /rtx/g3250__1857/U$1

Compared points are: Non-equivalent
  (G) + 119  DFF  /rtx/counts_reg[16]
  (R) + 68   DFF  /rtx/counts_reg[16]/U$1
Due to these Non-equivalent points:
[DATA]
  (G) + 1850 MUX  /rtx/U$9/U$17
  (R) + 963  AND  /rtx/g3249__5019/U$1

Compared points are: Non-equivalent
  (G) + 120  DFF  /rtx/counts_reg[15]
  (R) + 67   DFF  /rtx/counts_reg[15]/U$1
Due to these Non-equivalent points:
[DATA]
  (G) + 1841 MUX  /rtx/U$9/U$16
  (R) + 960  AND  /rtx/g3248__1840/U$1

Compared points are: Non-equivalent
  (G) + 121  DFF  /rtx/counts_reg[14]
  (R) + 66   DFF  /rtx/counts_reg[14]/U$1
Due to these Non-equivalent points:
[DATA]
  (G) + 1832 MUX  /rtx/U$9/U$15
  (R) + 957  AND  /rtx/g3247__7344/U$1

Compared points are: Non-equivalent
  (G) + 122  DFF  /rtx/counts_reg[13]
  (R) + 65   DFF  /rtx/counts_reg[13]/U$1
Due to these Non-equivalent points:
[DATA]
  (G) + 1823 MUX  /rtx/U$9/U$14
  (R) + 954  AND  /rtx/g3246__5795/U$1

Compared points are: Non-equivalent
  (G) + 123  DFF  /rtx/counts_reg[12]
  (R) + 64   DFF  /rtx/counts_reg[12]/U$1
Due to these Non-equivalent points:
[DATA]
  (G) + 1814 MUX  /rtx/U$9/U$13
  (R) + 949  AND  /rtx/g3244__6083/U$1

Compared points are: Non-equivalent
  (G) + 124  DFF  /rtx/counts_reg[11]
  (R) + 63   DFF  /rtx/counts_reg[11]/U$1
Due to these Non-equivalent points:
[DATA]
  (G) + 1805 MUX  /rtx/U$9/U$12
  (R) + 946  AND  /rtx/g3243__2250/U$1

Compared points are: Non-equivalent
  (G) + 125  DFF  /rtx/counts_reg[10]
  (R) + 62   DFF  /rtx/counts_reg[10]/U$1
Due to these Non-equivalent points:
[DATA]
  (G) + 1796 MUX  /rtx/U$9/U$11
  (R) + 951  AND  /rtx/g3245__2703/U$1

Compared points are: Non-equivalent
  (G) + 126  DFF  /rtx/counts_reg[9]
  (R) + 61   DFF  /rtx/counts_reg[9]/U$1
Due to these Non-equivalent points:
[DATA]
  (G) + 1787 MUX  /rtx/U$9/U$10
  (R) + 942  AND  /rtx/g3242__5266/U$1

Compared points are: Non-equivalent
  (G) + 127  DFF  /rtx/counts_reg[8]
  (R) + 60   DFF  /rtx/counts_reg[8]/U$1
Due to these Non-equivalent points:
[DATA]
  (G) + 1778 MUX  /rtx/U$9/U$9
  (R) + 939  AND  /rtx/g3241__7114/U$1

Compared points are: Non-equivalent
  (G) + 128  DFF  /rtx/counts_reg[7]
  (R) + 59   DFF  /rtx/counts_reg[7]/U$1
Due to these Non-equivalent points:
[DATA]
  (G) + 1769 MUX  /rtx/U$9/U$8
  (R) + 936  AND  /rtx/g3240__5703/U$1

Compared points are: Non-equivalent
  (G) + 129  DFF  /rtx/counts_reg[6]
  (R) + 58   DFF  /rtx/counts_reg[6]/U$1
Due to these Non-equivalent points:
[DATA]
  (G) + 1760 MUX  /rtx/U$9/U$7
  (R) + 933  AND  /rtx/g3239__5953/U$1

Compared points are: Non-equivalent
  (G) + 130  DFF  /rtx/counts_reg[5]
  (R) + 57   DFF  /rtx/counts_reg[5]/U$1
Due to these Non-equivalent points:
[DATA]
  (G) + 1751 MUX  /rtx/U$9/U$6
  (R) + 930  AND  /rtx/g3238__1786/U$1

Compared points are: Non-equivalent
  (G) + 131  DFF  /rtx/counts_reg[4]
  (R) + 56   DFF  /rtx/counts_reg[4]/U$1
Due to these Non-equivalent points:
[DATA]
  (G) + 1742 MUX  /rtx/U$9/U$5
  (R) + 925  AND  /rtx/g3236__7118/U$1

Compared points are: Non-equivalent
  (G) + 132  DFF  /rtx/counts_reg[3]
  (R) + 55   DFF  /rtx/counts_reg[3]/U$1
Due to these Non-equivalent points:
[DATA]
  (G) + 1733 MUX  /rtx/U$9/U$4
  (R) + 921  AND  /rtx/g3234__2391/U$1

Compared points are: Non-equivalent
  (G) + 133  DFF  /rtx/counts_reg[2]
  (R) + 54   DFF  /rtx/counts_reg[2]/U$1
Due to these Non-equivalent points:
[DATA]
  (G) + 1724 MUX  /rtx/U$9/U$3
  (R) + 918  AND  /rtx/g3233__2900/U$1

Compared points are: Non-equivalent
  (G) + 134  DFF  /rtx/counts_reg[1]
  (R) + 53   DFF  /rtx/counts_reg[1]/U$1
Due to these Non-equivalent points:
[DATA]
  (G) + 1715 MUX  /rtx/U$9/U$2
  (R) + 927  AND  /rtx/g3237__8757/U$1

Compared points are: Non-equivalent
  (G) + 135  DFF  /rtx/counts_reg[0]
  (R) + 52   DFF  /rtx/counts_reg[0]/U$1
Due to these Non-equivalent points:
[DATA]
  (G) + 1707 MUX  /rtx/U$9/U$1
  (R) + 922  NOR  /rtx/g3235__7675/U$1

Compared points are: Equivalent
  (G) + 136  DFF  /rtx/count_reg[31]
  (R) + 51   DFF  /rtx/count_reg[31]/U$1

Compared points are: Equivalent
  (G) + 137  DFF  /rtx/count_reg[30]
  (R) + 95   DFF  /rtx/count_reg[30]/U$1

Compared points are: Equivalent
  (G) + 138  DFF  /rtx/count_reg[29]
  (R) + 50   DFF  /rtx/count_reg[29]/U$1

Compared points are: Equivalent
  (G) + 139  DFF  /rtx/count_reg[28]
  (R) + 49   DFF  /rtx/count_reg[28]/U$1

Compared points are: Equivalent
  (G) + 140  DFF  /rtx/count_reg[27]
  (R) + 48   DFF  /rtx/count_reg[27]/U$1

Compared points are: Equivalent
  (G) + 141  DFF  /rtx/count_reg[26]
  (R) + 47   DFF  /rtx/count_reg[26]/U$1

Compared points are: Equivalent
  (G) + 142  DFF  /rtx/count_reg[25]
  (R) + 97   DFF  /rtx/count_reg[25]/U$1

Compared points are: Equivalent
  (G) + 143  DFF  /rtx/count_reg[24]
  (R) + 46   DFF  /rtx/count_reg[24]/U$1

Compared points are: Equivalent
  (G) + 144  DFF  /rtx/count_reg[23]
  (R) + 45   DFF  /rtx/count_reg[23]/U$1

Compared points are: Equivalent
  (G) + 145  DFF  /rtx/count_reg[22]
  (R) + 44   DFF  /rtx/count_reg[22]/U$1

Compared points are: Equivalent
  (G) + 146  DFF  /rtx/count_reg[21]
  (R) + 43   DFF  /rtx/count_reg[21]/U$1

Compared points are: Equivalent
  (G) + 147  DFF  /rtx/count_reg[20]
  (R) + 96   DFF  /rtx/count_reg[20]/U$1

Compared points are: Equivalent
  (G) + 148  DFF  /rtx/count_reg[19]
  (R) + 42   DFF  /rtx/count_reg[19]/U$1

Compared points are: Equivalent
  (G) + 149  DFF  /rtx/count_reg[18]
  (R) + 41   DFF  /rtx/count_reg[18]/U$1

Compared points are: Equivalent
  (G) + 150  DFF  /rtx/count_reg[17]
  (R) + 40   DFF  /rtx/count_reg[17]/U$1

Compared points are: Equivalent
  (G) + 151  DFF  /rtx/count_reg[16]
  (R) + 39   DFF  /rtx/count_reg[16]/U$1

Compared points are: Equivalent
  (G) + 152  DFF  /rtx/count_reg[15]
  (R) + 38   DFF  /rtx/count_reg[15]/U$1

Compared points are: Equivalent
  (G) + 153  DFF  /rtx/count_reg[14]
  (R) + 37   DFF  /rtx/count_reg[14]/U$1

Compared points are: Equivalent
  (G) + 154  DFF  /rtx/count_reg[13]
  (R) + 36   DFF  /rtx/count_reg[13]/U$1

Compared points are: Equivalent
  (G) + 155  DFF  /rtx/count_reg[12]
  (R) + 35   DFF  /rtx/count_reg[12]/U$1

Compared points are: Equivalent
  (G) + 156  DFF  /rtx/count_reg[11]
  (R) + 34   DFF  /rtx/count_reg[11]/U$1

Compared points are: Equivalent
  (G) + 157  DFF  /rtx/count_reg[10]
  (R) + 33   DFF  /rtx/count_reg[10]/U$1

Compared points are: Equivalent
  (G) + 158  DFF  /rtx/count_reg[9]
  (R) + 32   DFF  /rtx/count_reg[9]/U$1

Compared points are: Equivalent
  (G) + 159  DFF  /rtx/count_reg[8]
  (R) + 31   DFF  /rtx/count_reg[8]/U$1

Compared points are: Equivalent
  (G) + 160  DFF  /rtx/count_reg[7]
  (R) + 30   DFF  /rtx/count_reg[7]/U$1

Compared points are: Equivalent
  (G) + 161  DFF  /rtx/count_reg[6]
  (R) + 29   DFF  /rtx/count_reg[6]/U$1

Compared points are: Equivalent
  (G) + 162  DFF  /rtx/count_reg[5]
  (R) + 28   DFF  /rtx/count_reg[5]/U$1

Compared points are: Equivalent
  (G) + 163  DFF  /rtx/count_reg[4]
  (R) + 98   DFF  /rtx/count_reg[4]/U$1

Compared points are: Equivalent
  (G) + 164  DFF  /rtx/count_reg[3]
  (R) + 27   DFF  /rtx/count_reg[3]/U$1

Compared points are: Equivalent
  (G) + 165  DFF  /rtx/count_reg[2]
  (R) + 26   DFF  /rtx/count_reg[2]/U$1

Compared points are: Equivalent
  (G) + 166  DFF  /rtx/count_reg[1]
  (R) + 25   DFF  /rtx/count_reg[1]/U$1

Compared points are: Equivalent
  (G) + 167  DFF  /rtx/count_reg[0]
  (R) + 24   DFF  /rtx/count_reg[0]/U$1

Compared points are: Non-equivalent
  (G) + 168  DFF  /rtx/rxdata_reg[7]
  (R) + 92   DFF  /rtx/rxdata_reg[7]/U$1
Due to these Non-equivalent points:
[DATA]
  (G) + 2185 MUX  /rtx/U$13/U$8
  (R) + 889  OR   /rtx/g3212__8780/U$1

Compared points are: Non-equivalent
  (G) + 169  DFF  /rtx/rxdata_reg[6]
  (R) + 91   DFF  /rtx/rxdata_reg[6]/U$1
Due to these Non-equivalent points:
[DATA]
  (G) + 2180 MUX  /rtx/U$13/U$7
  (R) + 892  OR   /rtx/g3213__4296/U$1

Compared points are: Non-equivalent
  (G) + 170  DFF  /rtx/rxdata_reg[5]
  (R) + 90   DFF  /rtx/rxdata_reg[5]/U$1
Due to these Non-equivalent points:
[DATA]
  (G) + 2175 MUX  /rtx/U$13/U$6
  (R) + 895  OR   /rtx/g3214__3772/U$1

Compared points are: Non-equivalent
  (G) + 171  DFF  /rtx/rxdata_reg[4]
  (R) + 89   DFF  /rtx/rxdata_reg[4]/U$1
Due to these Non-equivalent points:
[DATA]
  (G) + 2170 MUX  /rtx/U$13/U$5
  (R) + 898  OR   /rtx/g3215__1474/U$1

Compared points are: Non-equivalent
  (G) + 172  DFF  /rtx/rxdata_reg[3]
  (R) + 88   DFF  /rtx/rxdata_reg[3]/U$1
Due to these Non-equivalent points:
[DATA]
  (G) + 2165 MUX  /rtx/U$13/U$4
  (R) + 901  OR   /rtx/g3216__4547/U$1

Compared points are: Non-equivalent
  (G) + 173  DFF  /rtx/rxdata_reg[2]
  (R) + 87   DFF  /rtx/rxdata_reg[2]/U$1
Due to these Non-equivalent points:
[DATA]
  (G) + 2160 MUX  /rtx/U$13/U$3
  (R) + 904  OR   /rtx/g3217__9682/U$1

Compared points are: Non-equivalent
  (G) + 174  DFF  /rtx/rxdata_reg[1]
  (R) + 86   DFF  /rtx/rxdata_reg[1]/U$1
Due to these Non-equivalent points:
[DATA]
  (G) + 2155 MUX  /rtx/U$13/U$2
  (R) + 907  OR   /rtx/g3219__2683/U$1

Compared points are: Non-equivalent
  (G) + 175  DFF  /rtx/rxdata_reg[0]
  (R) + 85   DFF  /rtx/rxdata_reg[0]/U$1
Due to these Non-equivalent points:
[DATA]
  (G) + 2150 MUX  /rtx/U$13/U$1
  (R) + 910  OR   /rtx/g3221__1309/U$1

Compared points are: Non-equivalent
  (G) + 176  DFF  /rtx/done_reg
  (R) + 84   DFF  /rtx/done_reg/U$1
Due to these Non-equivalent points:
[DATA]
  (G) + 2191 AND  /rtx/U$17
  (R) + 1170 OR   /rtx/g2__5953/U$1

162 compared point(s) reported
================================================================================
Compared points      PO     DFF       Total   
--------------------------------------------------------------------------------
Equivalent           0      66        66      
--------------------------------------------------------------------------------
Non-equivalent       11     85        96      
================================================================================
