###############################################################
#  Generated by:      Cadence Innovus 17.12-s095_1
#  OS:                Linux x86_64(Host ID cadence1)
#  Generated on:      Thu Dec 28 13:23:56 2023
#  Design:            uart_top
#  Command:           checkDesign -io -netlist -physicalLibrary -powerGround -tieHilo -timingLibrary -spef -floorplan -place -outdir checkDesign
###############################################################
Design: uart_top

------ Design Summary:
Total Standard Cell Number   (cells) : 532
Total Block Cell Number      (cells) : 0
Total I/O Pad Cell Number    (cells) : 96
Total Standard Cell Area     ( um^2) : 17539.65
Total Block Cell Area        ( um^2) : 0.00
Total I/O Pad Cell Area      ( um^2) : 865000.00

------ Design Statistics:

Number of Instances            : 628
Number of Non-uniquified Insts : 609
Number of Nets                 : 645
Average number of Pins per Net : 3.15
Maximum number of Pins in Net  : 68

------ I/O Port summary

Number of Primary I/O Ports    : 23
Number of Input Ports          : 12
Number of Output Ports         : 11
Number of Bidirectional Ports  : 0
Number of Power/Ground Ports   : 0



------------------------------------------------------------
Detail report:


------ I/O Pad/Port Checking

WARN : Port donerx connects to multiple pad instances in the top design.
WARN : Port donetx connects to multiple pad instances in the top design.
WARN : Port doutrx[0] connects to multiple pad instances in the top design.
WARN : Port doutrx[1] connects to multiple pad instances in the top design.
WARN : Port doutrx[2] connects to multiple pad instances in the top design.
WARN : Port doutrx[3] connects to multiple pad instances in the top design.
WARN : Port doutrx[4] connects to multiple pad instances in the top design.
WARN : Port doutrx[5] connects to multiple pad instances in the top design.
WARN : Port doutrx[6] connects to multiple pad instances in the top design.
WARN : Port doutrx[7] connects to multiple pad instances in the top design.
WARN : Port tx connects to multiple pad instances in the top design.
WARN : Port newd connects to multiple pad instances in the top design.
WARN : Port dintx[0] connects to multiple pad instances in the top design.
WARN : Port dintx[1] connects to multiple pad instances in the top design.
WARN : Port dintx[2] connects to multiple pad instances in the top design.
WARN : Port dintx[3] connects to multiple pad instances in the top design.
WARN : Port dintx[4] connects to multiple pad instances in the top design.
WARN : Port dintx[5] connects to multiple pad instances in the top design.
WARN : Port dintx[6] connects to multiple pad instances in the top design.
WARN : Port dintx[7] connects to multiple pad instances in the top design.
WARN : Port rx connects to multiple pad instances in the top design.
WARN : Port rst connects to multiple pad instances in the top design.

------ Primitive Pins DRC Checking

**WARN: Instance 'rtx/inc_add_153_24_g516__5703' has multiple input pins tied together to net 'rtx/inc_add_153_24_n_320'.
**WARN: Instance 'rtx/inc_add_153_24_g516__5703' has multiple input pins tied together to net 'rtx/count[27]'.
**WARN: Instance 'rtx/inc_add_153_24_g517__7114' has multiple input pins tied together to net 'rtx/inc_add_153_24_n_323'.
**WARN: Instance 'rtx/inc_add_153_24_g517__7114' has multiple input pins tied together to net 'rtx/count[23]'.
**WARN: Instance 'rtx/inc_add_153_24_g518__5266' has multiple input pins tied together to net 'rtx/inc_add_153_24_n_317'.
**WARN: Instance 'rtx/inc_add_153_24_g518__5266' has multiple input pins tied together to net 'rtx/count[31]'.
**WARN: Instance 'rtx/inc_add_153_24_g519__2250' has multiple input pins tied together to net 'rtx/inc_add_153_24_n_332'.
**WARN: Instance 'rtx/inc_add_153_24_g519__2250' has multiple input pins tied together to net 'rtx/count[19]'.
**WARN: Instance 'rtx/inc_add_153_24_g520__6083' has multiple input pins tied together to net 'rtx/inc_add_153_24_n_335'.
**WARN: Instance 'rtx/inc_add_153_24_g520__6083' has multiple input pins tied together to net 'rtx/count[15]'.
**WARN: Instance 'rtx/inc_add_153_24_g521__2703' has multiple input pins tied together to net 'rtx/inc_add_153_24_n_349'.
**WARN: Instance 'rtx/inc_add_153_24_g521__2703' has multiple input pins tied together to net 'rtx/count[11]'.
**WARN: Instance 'rtx/inc_add_153_24_g522__5795' has multiple input pins tied together to net 'rtx/inc_add_153_24_n_347'.
**WARN: Instance 'rtx/inc_add_153_24_g522__5795' has multiple input pins tied together to net 'rtx/count[29]'.
**WARN: Instance 'rtx/inc_add_153_24_g544__8757' has multiple input pins tied together to net 'rtx/inc_add_153_24_n_373'.
**WARN: Instance 'rtx/inc_add_153_24_g544__8757' has multiple input pins tied together to net 'rtx/count[7]'.
**WARN: Instance 'rtx/inc_add_153_24_g563__3772' has multiple input pins tied together to net 'rtx/inc_add_153_24_n_405'.
**WARN: Instance 'rtx/inc_add_153_24_g563__3772' has multiple input pins tied together to net 'rtx/count[3]'.
**WARN: Instance 'rtx/inc_add_190_23_g407__5953' has multiple input pins tied together to net 'rtx/inc_add_190_23_n_223'.
**WARN: Instance 'rtx/inc_add_190_23_g407__5953' has multiple input pins tied together to net 'rtx/counts[31]'.
**WARN: Instance 'utx/inc_add_54_24_g516__5953' has multiple input pins tied together to net 'utx/inc_add_54_24_n_320'.
**WARN: Instance 'utx/inc_add_54_24_g516__5953' has multiple input pins tied together to net 'utx/count[27]'.
**WARN: Instance 'utx/inc_add_54_24_g517__5703' has multiple input pins tied together to net 'utx/inc_add_54_24_n_323'.
**WARN: Instance 'utx/inc_add_54_24_g517__5703' has multiple input pins tied together to net 'utx/count[23]'.
**WARN: Instance 'utx/inc_add_54_24_g518__7114' has multiple input pins tied together to net 'utx/inc_add_54_24_n_317'.
**WARN: Instance 'utx/inc_add_54_24_g518__7114' has multiple input pins tied together to net 'utx/count[31]'.
**WARN: Instance 'utx/inc_add_54_24_g519__5266' has multiple input pins tied together to net 'utx/inc_add_54_24_n_332'.
**WARN: Instance 'utx/inc_add_54_24_g519__5266' has multiple input pins tied together to net 'utx/count[19]'.
**WARN: Instance 'utx/inc_add_54_24_g520__2250' has multiple input pins tied together to net 'utx/inc_add_54_24_n_335'.
**WARN: Instance 'utx/inc_add_54_24_g520__2250' has multiple input pins tied together to net 'utx/count[15]'.
**WARN: Instance 'utx/inc_add_54_24_g521__6083' has multiple input pins tied together to net 'utx/inc_add_54_24_n_349'.
**WARN: Instance 'utx/inc_add_54_24_g521__6083' has multiple input pins tied together to net 'utx/count[11]'.
**WARN: Instance 'utx/inc_add_54_24_g522__2703' has multiple input pins tied together to net 'utx/inc_add_54_24_n_347'.
**WARN: Instance 'utx/inc_add_54_24_g522__2703' has multiple input pins tied together to net 'utx/count[29]'.
**WARN: Instance 'utx/inc_add_54_24_g544__7118' has multiple input pins tied together to net 'utx/inc_add_54_24_n_373'.
**WARN: Instance 'utx/inc_add_54_24_g544__7118' has multiple input pins tied together to net 'utx/count[7]'.
**WARN: Instance 'utx/inc_add_54_24_g563__4296' has multiple input pins tied together to net 'utx/inc_add_54_24_n_405'.
**WARN: Instance 'utx/inc_add_54_24_g563__4296' has multiple input pins tied together to net 'utx/count[3]'.

------ Primitive Net DRC Check

WARNING : Net doutrx[0] has multiple drivers
WARNING : Net doutrx[1] has multiple drivers
WARNING : Net doutrx[2] has multiple drivers
WARNING : Net doutrx[3] has multiple drivers
WARNING : Net doutrx[4] has multiple drivers
WARNING : Net doutrx[5] has multiple drivers
WARNING : Net doutrx[6] has multiple drivers
WARNING : Net doutrx[7] has multiple drivers
WARNING : Net donerx has multiple drivers
WARNING : Net donetx has multiple drivers
WARNING : Net tx has multiple drivers
WARNING : Net utx/state[0] has no FanOut pin
WARNING : Net rtx/state[1] has no FanOut pin
WARNING : Net clk1 has no FanOut pin
WARNING : Net clk has 67 fanout

